mode: set
github.com/UsagiBooru/accounts-server/impl/impl_accounts_service.go:30.92,40.2 1 1
github.com/UsagiBooru/accounts-server/impl/impl_accounts_service.go:43.109,46.16 2 1
github.com/UsagiBooru/accounts-server/impl/impl_accounts_service.go:50.2,52.56 2 1
github.com/UsagiBooru/accounts-server/impl/impl_accounts_service.go:55.2,55.56 1 1
github.com/UsagiBooru/accounts-server/impl/impl_accounts_service.go:46.16,48.3 1 1
github.com/UsagiBooru/accounts-server/impl/impl_accounts_service.go:52.56,54.3 1 1
github.com/UsagiBooru/accounts-server/impl/impl_accounts_service.go:59.128,65.16 4 1
github.com/UsagiBooru/accounts-server/impl/impl_accounts_service.go:69.2,72.16 1 1
github.com/UsagiBooru/accounts-server/impl/impl_accounts_service.go:75.2,78.16 1 1
github.com/UsagiBooru/accounts-server/impl/impl_accounts_service.go:81.2,83.65 2 1
github.com/UsagiBooru/accounts-server/impl/impl_accounts_service.go:149.2,149.16 1 1
github.com/UsagiBooru/accounts-server/impl/impl_accounts_service.go:156.2,156.56 1 1
github.com/UsagiBooru/accounts-server/impl/impl_accounts_service.go:65.16,67.3 1 1
github.com/UsagiBooru/accounts-server/impl/impl_accounts_service.go:72.16,74.3 1 1
github.com/UsagiBooru/accounts-server/impl/impl_accounts_service.go:78.16,80.3 1 1
github.com/UsagiBooru/accounts-server/impl/impl_accounts_service.go:83.65,85.17 2 1
github.com/UsagiBooru/accounts-server/impl/impl_accounts_service.go:89.3,92.17 3 1
github.com/UsagiBooru/accounts-server/impl/impl_accounts_service.go:95.3,95.59 1 1
github.com/UsagiBooru/accounts-server/impl/impl_accounts_service.go:99.3,100.17 2 1
github.com/UsagiBooru/accounts-server/impl/impl_accounts_service.go:104.3,107.17 4 1
github.com/UsagiBooru/accounts-server/impl/impl_accounts_service.go:111.3,111.65 1 1
github.com/UsagiBooru/accounts-server/impl/impl_accounts_service.go:115.3,116.75 2 1
github.com/UsagiBooru/accounts-server/impl/impl_accounts_service.go:120.3,121.83 2 1
github.com/UsagiBooru/accounts-server/impl/impl_accounts_service.go:125.3,134.17 2 1
github.com/UsagiBooru/accounts-server/impl/impl_accounts_service.go:138.3,142.17 1 1
github.com/UsagiBooru/accounts-server/impl/impl_accounts_service.go:146.3,146.34 1 1
github.com/UsagiBooru/accounts-server/impl/impl_accounts_service.go:85.17,87.4 1 0
github.com/UsagiBooru/accounts-server/impl/impl_accounts_service.go:92.17,94.4 1 0
github.com/UsagiBooru/accounts-server/impl/impl_accounts_service.go:95.59,97.4 1 0
github.com/UsagiBooru/accounts-server/impl/impl_accounts_service.go:100.17,102.4 1 1
github.com/UsagiBooru/accounts-server/impl/impl_accounts_service.go:107.17,109.4 1 0
github.com/UsagiBooru/accounts-server/impl/impl_accounts_service.go:111.65,113.4 1 0
github.com/UsagiBooru/accounts-server/impl/impl_accounts_service.go:116.75,118.4 1 0
github.com/UsagiBooru/accounts-server/impl/impl_accounts_service.go:121.83,123.4 1 0
github.com/UsagiBooru/accounts-server/impl/impl_accounts_service.go:134.17,136.4 1 0
github.com/UsagiBooru/accounts-server/impl/impl_accounts_service.go:142.17,144.4 1 0
github.com/UsagiBooru/accounts-server/impl/impl_accounts_service.go:149.16,150.38 1 1
github.com/UsagiBooru/accounts-server/impl/impl_accounts_service.go:150.38,152.4 1 1
github.com/UsagiBooru/accounts-server/impl/impl_accounts_service.go:152.9,154.4 1 0
github.com/UsagiBooru/accounts-server/impl/impl_accounts_service.go:160.143,162.16 2 1
github.com/UsagiBooru/accounts-server/impl/impl_accounts_service.go:166.2,167.16 2 1
github.com/UsagiBooru/accounts-server/impl/impl_accounts_service.go:171.2,172.16 2 1
github.com/UsagiBooru/accounts-server/impl/impl_accounts_service.go:176.2,183.55 5 1
github.com/UsagiBooru/accounts-server/impl/impl_accounts_service.go:187.2,187.23 1 1
github.com/UsagiBooru/accounts-server/impl/impl_accounts_service.go:193.2,197.67 1 1
github.com/UsagiBooru/accounts-server/impl/impl_accounts_service.go:201.2,201.20 1 1
github.com/UsagiBooru/accounts-server/impl/impl_accounts_service.go:209.2,210.85 2 1
github.com/UsagiBooru/accounts-server/impl/impl_accounts_service.go:213.2,213.75 1 1
github.com/UsagiBooru/accounts-server/impl/impl_accounts_service.go:216.2,216.105 1 1
github.com/UsagiBooru/accounts-server/impl/impl_accounts_service.go:220.2,228.95 8 1
github.com/UsagiBooru/accounts-server/impl/impl_accounts_service.go:231.2,231.63 1 1
github.com/UsagiBooru/accounts-server/impl/impl_accounts_service.go:162.16,164.3 1 1
github.com/UsagiBooru/accounts-server/impl/impl_accounts_service.go:167.16,169.3 1 1
github.com/UsagiBooru/accounts-server/impl/impl_accounts_service.go:172.16,174.3 1 1
github.com/UsagiBooru/accounts-server/impl/impl_accounts_service.go:183.55,185.3 1 1
github.com/UsagiBooru/accounts-server/impl/impl_accounts_service.go:187.23,189.3 1 1
github.com/UsagiBooru/accounts-server/impl/impl_accounts_service.go:197.67,199.3 1 1
github.com/UsagiBooru/accounts-server/impl/impl_accounts_service.go:201.20,204.29 1 1
github.com/UsagiBooru/accounts-server/impl/impl_accounts_service.go:204.29,206.4 1 1
github.com/UsagiBooru/accounts-server/impl/impl_accounts_service.go:210.85,212.3 1 0
github.com/UsagiBooru/accounts-server/impl/impl_accounts_service.go:213.75,215.3 1 0
github.com/UsagiBooru/accounts-server/impl/impl_accounts_service.go:216.105,218.3 1 0
github.com/UsagiBooru/accounts-server/impl/impl_accounts_service.go:228.95,230.3 1 0
github.com/UsagiBooru/accounts-server/impl/impl_accounts_service.go:235.129,237.16 2 1
github.com/UsagiBooru/accounts-server/impl/impl_accounts_service.go:241.2,242.16 2 1
github.com/UsagiBooru/accounts-server/impl/impl_accounts_service.go:246.2,247.37 2 1
github.com/UsagiBooru/accounts-server/impl/impl_accounts_service.go:251.2,251.12 1 1
github.com/UsagiBooru/accounts-server/impl/impl_accounts_service.go:257.2,257.55 1 1
github.com/UsagiBooru/accounts-server/impl/impl_accounts_service.go:262.2,262.88 1 1
github.com/UsagiBooru/accounts-server/impl/impl_accounts_service.go:265.2,265.36 1 1
github.com/UsagiBooru/accounts-server/impl/impl_accounts_service.go:237.16,239.3 1 0
github.com/UsagiBooru/accounts-server/impl/impl_accounts_service.go:242.16,244.3 1 0
github.com/UsagiBooru/accounts-server/impl/impl_accounts_service.go:247.37,249.3 1 1
github.com/UsagiBooru/accounts-server/impl/impl_accounts_service.go:251.12,252.99 1 1
github.com/UsagiBooru/accounts-server/impl/impl_accounts_service.go:252.99,254.4 1 0
github.com/UsagiBooru/accounts-server/impl/impl_accounts_service.go:257.55,259.3 1 1
github.com/UsagiBooru/accounts-server/impl/impl_accounts_service.go:259.8,261.3 1 1
github.com/UsagiBooru/accounts-server/impl/impl_accounts_service.go:262.88,264.3 1 0
github.com/UsagiBooru/accounts-server/impl/impl_accounts_service.go:269.129,276.83 6 1
github.com/UsagiBooru/accounts-server/impl/impl_accounts_service.go:279.2,279.66 1 1
github.com/UsagiBooru/accounts-server/impl/impl_accounts_service.go:283.2,283.58 1 1
github.com/UsagiBooru/accounts-server/impl/impl_accounts_service.go:287.2,296.16 10 1
github.com/UsagiBooru/accounts-server/impl/impl_accounts_service.go:299.2,299.84 1 1
github.com/UsagiBooru/accounts-server/impl/impl_accounts_service.go:276.83,278.3 1 1
github.com/UsagiBooru/accounts-server/impl/impl_accounts_service.go:279.66,281.3 1 1
github.com/UsagiBooru/accounts-server/impl/impl_accounts_service.go:283.58,285.3 1 0
github.com/UsagiBooru/accounts-server/impl/impl_accounts_service.go:296.16,298.3 1 0
github.com/UsagiBooru/accounts-server/impl/impl_accounts_service.go:303.169,309.2 1 0
github.com/UsagiBooru/accounts-server/impl/impl_accounts_service.go:312.94,315.16 2 1
github.com/UsagiBooru/accounts-server/impl/impl_accounts_service.go:320.2,321.16 2 1
github.com/UsagiBooru/accounts-server/impl/impl_accounts_service.go:324.2,324.56 1 1
github.com/UsagiBooru/accounts-server/impl/impl_accounts_service.go:315.16,318.3 2 1
github.com/UsagiBooru/accounts-server/impl/impl_accounts_service.go:321.16,323.3 1 0
github.com/UsagiBooru/accounts-server/impl/impl_mutes_service.go:24.68,32.2 1 1
github.com/UsagiBooru/accounts-server/impl/impl_mutes_service.go:35.130,38.16 2 1
github.com/UsagiBooru/accounts-server/impl/impl_mutes_service.go:42.2,43.16 2 1
github.com/UsagiBooru/accounts-server/impl/impl_mutes_service.go:47.2,47.103 1 1
github.com/UsagiBooru/accounts-server/impl/impl_mutes_service.go:51.2,51.90 1 1
github.com/UsagiBooru/accounts-server/impl/impl_mutes_service.go:55.2,56.16 2 1
github.com/UsagiBooru/accounts-server/impl/impl_mutes_service.go:60.2,61.16 2 1
github.com/UsagiBooru/accounts-server/impl/impl_mutes_service.go:65.2,66.65 2 1
github.com/UsagiBooru/accounts-server/impl/impl_mutes_service.go:92.2,92.16 1 1
github.com/UsagiBooru/accounts-server/impl/impl_mutes_service.go:95.2,95.52 1 1
github.com/UsagiBooru/accounts-server/impl/impl_mutes_service.go:38.16,40.3 1 0
github.com/UsagiBooru/accounts-server/impl/impl_mutes_service.go:43.16,45.3 1 0
github.com/UsagiBooru/accounts-server/impl/impl_mutes_service.go:47.103,49.3 1 0
github.com/UsagiBooru/accounts-server/impl/impl_mutes_service.go:51.90,53.3 1 0
github.com/UsagiBooru/accounts-server/impl/impl_mutes_service.go:56.16,58.3 1 0
github.com/UsagiBooru/accounts-server/impl/impl_mutes_service.go:61.16,63.3 1 0
github.com/UsagiBooru/accounts-server/impl/impl_mutes_service.go:66.65,68.17 2 1
github.com/UsagiBooru/accounts-server/impl/impl_mutes_service.go:72.3,74.17 3 1
github.com/UsagiBooru/accounts-server/impl/impl_mutes_service.go:78.3,83.17 2 1
github.com/UsagiBooru/accounts-server/impl/impl_mutes_service.go:87.3,87.56 1 1
github.com/UsagiBooru/accounts-server/impl/impl_mutes_service.go:90.3,90.34 1 1
github.com/UsagiBooru/accounts-server/impl/impl_mutes_service.go:68.17,70.4 1 0
github.com/UsagiBooru/accounts-server/impl/impl_mutes_service.go:74.17,76.4 1 0
github.com/UsagiBooru/accounts-server/impl/impl_mutes_service.go:83.17,85.4 1 0
github.com/UsagiBooru/accounts-server/impl/impl_mutes_service.go:87.56,89.4 1 0
github.com/UsagiBooru/accounts-server/impl/impl_mutes_service.go:92.16,94.3 1 0
github.com/UsagiBooru/accounts-server/impl/impl_mutes_service.go:99.120,102.16 2 1
github.com/UsagiBooru/accounts-server/impl/impl_mutes_service.go:105.2,105.90 1 1
github.com/UsagiBooru/accounts-server/impl/impl_mutes_service.go:109.2,110.16 2 1
github.com/UsagiBooru/accounts-server/impl/impl_mutes_service.go:113.2,113.36 1 1
github.com/UsagiBooru/accounts-server/impl/impl_mutes_service.go:102.16,104.3 1 0
github.com/UsagiBooru/accounts-server/impl/impl_mutes_service.go:105.90,107.3 1 0
github.com/UsagiBooru/accounts-server/impl/impl_mutes_service.go:110.16,112.3 1 0
github.com/UsagiBooru/accounts-server/impl/impl_mutes_service.go:117.117,120.16 2 1
github.com/UsagiBooru/accounts-server/impl/impl_mutes_service.go:123.2,123.90 1 1
github.com/UsagiBooru/accounts-server/impl/impl_mutes_service.go:127.2,128.16 2 1
github.com/UsagiBooru/accounts-server/impl/impl_mutes_service.go:131.2,131.49 1 1
github.com/UsagiBooru/accounts-server/impl/impl_mutes_service.go:120.16,122.3 1 0
github.com/UsagiBooru/accounts-server/impl/impl_mutes_service.go:123.90,125.3 1 0
github.com/UsagiBooru/accounts-server/impl/impl_mutes_service.go:128.16,130.3 1 0
github.com/UsagiBooru/accounts-server/impl/impl_mutes_service.go:135.104,138.16 2 0
github.com/UsagiBooru/accounts-server/impl/impl_mutes_service.go:141.2,141.90 1 0
github.com/UsagiBooru/accounts-server/impl/impl_mutes_service.go:150.2,150.100 1 0
github.com/UsagiBooru/accounts-server/impl/impl_mutes_service.go:138.16,140.3 1 0
github.com/UsagiBooru/accounts-server/impl/impl_mutes_service.go:141.90,143.3 1 0
github.com/UsagiBooru/accounts-server/impl/impl_mylists_service.go:21.54,30.2 3 0
github.com/UsagiBooru/accounts-server/impl/impl_mylists_service.go:33.140,53.2 1 0
github.com/UsagiBooru/accounts-server/impl/impl_mylists_service.go:56.111,70.2 1 0
